# JRE version: Java(TM) SE Runtime Environment (8.0_201-b09) (build 1.8.0_201-b09)
# Java VM: Java HotSpot(TM) 64-Bit Server VM (25.201-b09 mixed mode windows-amd64 compressed oops)
Heap:
 PSYoungGen      total 171008K, used 10227K [0x00000000e0780000, 0x00000000efa00000, 0x0000000100000000)
  eden space 160768K, 0% used [0x00000000e0780000,0x00000000e0780000,0x00000000ea480000)
  from space 10240K, 99% used [0x00000000ea480000,0x00000000eae7ceb8,0x00000000eae80000)
  to   space 13824K, 0% used [0x00000000eec80000,0x00000000eec80000,0x00000000efa00000)
 ParOldGen       total 41472K, used 15156K [0x00000000a1600000, 0x00000000a3e80000, 0x00000000e0780000)
  object space 41472K, 36% used [0x00000000a1600000,0x00000000a24cd110,0x00000000a3e80000)
 Metaspace       used 33722K, capacity 35394K, committed 35416K, reserved 1079296K
  class space    used 4507K, capacity 4857K, committed 4864K, reserved 1048576K
GC Heap History (10 events):
Event: 4.032 GC heap after
Heap after GC invocations=6 (full 0):
 PSYoungGen      total 106496K, used 5656K [0x00000000e0780000, 0x00000000e7780000, 0x0000000100000000)
  eden space 98304K, 0% used [0x00000000e0780000,0x00000000e0780000,0x00000000e6780000)
  from space 8192K, 69% used [0x00000000e6f80000,0x00000000e75063e0,0x00000000e7780000)
  to   space 8192K, 0% used [0x00000000e6780000,0x00000000e6780000,0x00000000e6f80000)
 ParOldGen       total 65536K, used 5853K [0x00000000a1600000, 0x00000000a5600000, 0x00000000e0780000)
  object space 65536K, 8% used [0x00000000a1600000,0x00000000a1bb7550,0x00000000a5600000)
 Metaspace       used 20549K, capacity 21120K, committed 21248K, reserved 1067008K
  class space    used 2768K, capacity 2953K, committed 3072K, reserved 1048576K
}
Event: 4.032 GC heap before
{Heap before GC invocations=7 (full 1):
 PSYoungGen      total 106496K, used 5656K [0x00000000e0780000, 0x00000000e7780000, 0x0000000100000000)
  eden space 98304K, 0% used [0x00000000e0780000,0x00000000e0780000,0x00000000e6780000)
  from space 8192K, 69% used [0x00000000e6f80000,0x00000000e75063e0,0x00000000e7780000)
  to   space 8192K, 0% used [0x00000000e6780000,0x00000000e6780000,0x00000000e6f80000)
 ParOldGen       total 65536K, used 5853K [0x00000000a1600000, 0x00000000a5600000, 0x00000000e0780000)
  object space 65536K, 8% used [0x00000000a1600000,0x00000000a1bb7550,0x00000000a5600000)
 Metaspace       used 20549K, capacity 21120K, committed 21248K, reserved 1067008K
  class space    used 2768K, capacity 2953K, committed 3072K, reserved 1048576K
Event: 4.110 GC heap after
Heap after GC invocations=7 (full 1):
 PSYoungGen      total 106496K, used 0K [0x00000000e0780000, 0x00000000e7780000, 0x0000000100000000)
  eden space 98304K, 0% used [0x00000000e0780000,0x00000000e0780000,0x00000000e6780000)
  from space 8192K, 0% used [0x00000000e6f80000,0x00000000e6f80000,0x00000000e7780000)
  to   space 8192K, 0% used [0x00000000e6780000,0x00000000e6780000,0x00000000e6f80000)
 ParOldGen       total 41472K, used 6065K [0x00000000a1600000, 0x00000000a3e80000, 0x00000000e0780000)
  object space 41472K, 14% used [0x00000000a1600000,0x00000000a1bec448,0x00000000a3e80000)
 Metaspace       used 20549K, capacity 21120K, committed 21248K, reserved 1067008K
  class space    used 2768K, capacity 2953K, committed 3072K, reserved 1048576K
}
Event: 7.458 GC heap before
{Heap before GC invocations=8 (full 1):
 PSYoungGen      total 106496K, used 98304K [0x00000000e0780000, 0x00000000e7780000, 0x0000000100000000)
  eden space 98304K, 100% used [0x00000000e0780000,0x00000000e6780000,0x00000000e6780000)
  from space 8192K, 0% used [0x00000000e6f80000,0x00000000e6f80000,0x00000000e7780000)
  to   space 8192K, 0% used [0x00000000e6780000,0x00000000e6780000,0x00000000e6f80000)
 ParOldGen       total 41472K, used 6065K [0x00000000a1600000, 0x00000000a3e80000, 0x00000000e0780000)
  object space 41472K, 14% used [0x00000000a1600000,0x00000000a1bec448,0x00000000a3e80000)
 Metaspace       used 22548K, capacity 23310K, committed 23552K, reserved 1069056K
  class space    used 3048K, capacity 3277K, committed 3328K, reserved 1048576K
Event: 7.491 GC heap after
Heap after GC invocations=8 (full 1):
 PSYoungGen      total 106496K, used 4951K [0x00000000e0780000, 0x00000000eb800000, 0x0000000100000000)
  eden space 98304K, 0% used [0x00000000e0780000,0x00000000e0780000,0x00000000e6780000)
  from space 8192K, 60% used [0x00000000e6780000,0x00000000e6c55d18,0x00000000e6f80000)
  to   space 7680K, 0% used [0x00000000eb080000,0x00000000eb080000,0x00000000eb800000)
 ParOldGen       total 41472K, used 6137K [0x00000000a1600000, 0x00000000a3e80000, 0x00000000e0780000)
  object space 41472K, 14% used [0x00000000a1600000,0x00000000a1bfe458,0x00000000a3e80000)
 Metaspace       used 22548K, capacity 23310K, committed 23552K, reserved 1069056K
  class space    used 3048K, capacity 3277K, committed 3328K, reserved 1048576K
}
Event: 11.450 GC heap before
{Heap before GC invocations=9 (full 1):
 PSYoungGen      total 106496K, used 103255K [0x00000000e0780000, 0x00000000eb800000, 0x0000000100000000)
  eden space 98304K, 100% used [0x00000000e0780000,0x00000000e6780000,0x00000000e6780000)
  from space 8192K, 60% used [0x00000000e6780000,0x00000000e6c55d18,0x00000000e6f80000)
  to   space 7680K, 0% used [0x00000000eb080000,0x00000000eb080000,0x00000000eb800000)
 ParOldGen       total 41472K, used 6137K [0x00000000a1600000, 0x00000000a3e80000, 0x00000000e0780000)
  object space 41472K, 14% used [0x00000000a1600000,0x00000000a1bfe458,0x00000000a3e80000)
 Metaspace       used 28156K, capacity 29776K, committed 29952K, reserved 1075200K
  class space    used 3890K, capacity 4242K, committed 4352K, reserved 1048576K
Event: 11.492 GC heap after
Heap after GC invocations=9 (full 1):
 PSYoungGen      total 168448K, used 7669K [0x00000000e0780000, 0x00000000eb880000, 0x0000000100000000)
  eden space 160768K, 0% used [0x00000000e0780000,0x00000000e0780000,0x00000000ea480000)
  from space 7680K, 99% used [0x00000000eb080000,0x00000000eb7fd418,0x00000000eb800000)
  to   space 10240K, 0% used [0x00000000ea480000,0x00000000ea480000,0x00000000eae80000)
 ParOldGen       total 41472K, used 9504K [0x00000000a1600000, 0x00000000a3e80000, 0x00000000e0780000)
  object space 41472K, 22% used [0x00000000a1600000,0x00000000a1f48088,0x00000000a3e80000)
 Metaspace       used 28156K, capacity 29776K, committed 29952K, reserved 1075200K
  class space    used 3890K, capacity 4242K, committed 4352K, reserved 1048576K
}
Event: 13.992 GC heap before
{Heap before GC invocations=10 (full 1):
 PSYoungGen      total 168448K, used 133762K [0x00000000e0780000, 0x00000000eb880000, 0x0000000100000000)
  eden space 160768K, 78% used [0x00000000e0780000,0x00000000e82a37c8,0x00000000ea480000)
  from space 7680K, 99% used [0x00000000eb080000,0x00000000eb7fd418,0x00000000eb800000)
  to   space 10240K, 0% used [0x00000000ea480000,0x00000000ea480000,0x00000000eae80000)
 ParOldGen       total 41472K, used 9504K [0x00000000a1600000, 0x00000000a3e80000, 0x00000000e0780000)
  object space 41472K, 22% used [0x00000000a1600000,0x00000000a1f48088,0x00000000a3e80000)
 Metaspace       used 33722K, capacity 35394K, committed 35416K, reserved 1079296K
  class space    used 4507K, capacity 4857K, committed 4864K, reserved 1048576K
Event: 14.051 GC heap after
Heap after GC invocations=10 (full 1):
 PSYoungGen      total 171008K, used 10227K [0x00000000e0780000, 0x00000000efa00000, 0x0000000100000000)
  eden space 160768K, 0% used [0x00000000e0780000,0x00000000e0780000,0x00000000ea480000)
  from space 10240K, 99% used [0x00000000ea480000,0x00000000eae7ceb8,0x00000000eae80000)
  to   space 13824K, 0% used [0x00000000eec80000,0x00000000eec80000,0x00000000efa00000)
 ParOldGen       total 41472K, used 15156K [0x00000000a1600000, 0x00000000a3e80000, 0x00000000e0780000)
  object space 41472K, 36% used [0x00000000a1600000,0x00000000a24cd110,0x00000000a3e80000)
 Metaspace       used 33722K, capacity 35394K, committed 35416K, reserved 1079296K
  class space    used 4507K, capacity 4857K, committed 4864K, reserved 1048576K
}
Event: 14.052 GC heap before
{Heap before GC invocations=11 (full 2):
 PSYoungGen      total 171008K, used 10227K [0x00000000e0780000, 0x00000000efa00000, 0x0000000100000000)
  eden space 160768K, 0% used [0x00000000e0780000,0x00000000e0780000,0x00000000ea480000)
  from space 10240K, 99% used [0x00000000ea480000,0x00000000eae7ceb8,0x00000000eae80000)
  to   space 13824K, 0% used [0x00000000eec80000,0x00000000eec80000,0x00000000efa00000)
 ParOldGen       total 41472K, used 15156K [0x00000000a1600000, 0x00000000a3e80000, 0x00000000e0780000)
  object space 41472K, 36% used [0x00000000a1600000,0x00000000a24cd110,0x00000000a3e80000)
 Metaspace       used 33722K, capacity 35394K, committed 35416K, reserved 1079296K
  class space    used 4507K, capacity 4857K, committed 4864K, reserved 1048576K

